#
# There is insufficient memory for the Java Runtime Environment to continue.
# Native memory allocation (mmap) failed to map 266338304 bytes for G1 virtual space
# Possible reasons:
#   The system is out of physical RAM or swap space
#   The process is running with CompressedOops enabled, and the Java Heap may be blocking the growth of the native heap
# Possible solutions:
#   Reduce memory load on the system
#   Increase physical memory or swap space
#   Check if swap backing store is full
#   Decrease Java heap size (-Xmx/-Xms)
#   Decrease number of Java threads
#   Decrease Java thread stack sizes (-Xss)
#   Set larger code cache with -XX:ReservedCodeCacheSize=
#   JVM is running with Zero Based Compressed Oops mode in which the Java heap is
#     placed in the first 32GB address space. The Java Heap base address is the
#     maximum limit for the native heap growth. Please use -XX:HeapBaseMinAddress
#     to set the Java Heap base and to place the Java Heap above 32GB virtual address.
# This output file may be truncated or incomplete.
#
#  Out of Memory Error (os_windows.cpp:3769), pid=17480, tid=16164
#
# JRE version:  (17.0.6) (build )
# Java VM: OpenJDK 64-Bit Server VM (17.0.6+0-b2043.56-10027231, mixed mode, sharing, tiered, compressed oops, compressed class ptrs, g1 gc, windows-amd64)
# No core dump will be written. Minidumps are not enabled by default on client versions of Windows
#

---------------  S U M M A R Y ------------

Command Line: org.jetbrains.kotlin.cli.jvm.K2JVMCompiler @D:\demo\MathABC\app\build\20230807_1908964317754003630.compiler.options

Host: Intel(R) Core(TM) i5-8500 CPU @ 3.00GHz, 6 cores, 15G,  Windows 11 , 64 bit Build 22621 (10.0.22621.2070)
Time: Mon Aug  7 17:06:08 2023  Windows 11 , 64 bit Build 22621 (10.0.22621.2070) elapsed time: 0.009912 seconds (0d 0h 0m 0s)

---------------  T H R E A D  ---------------

Current thread (0x0000024ac96e7b80):  JavaThread "Unknown thread" [_thread_in_vm, id=16164, stack(0x000000a2a9700000,0x000000a2a9800000)]

Stack: [0x000000a2a9700000,0x000000a2a9800000]
Native frames: (J=compiled Java code, j=interpreted, Vv=VM code, C=native code)
V  [jvm.dll+0x683c9a]
V  [jvm.dll+0x8427a4]
V  [jvm.dll+0x843f9e]
V  [jvm.dll+0x844603]
V  [jvm.dll+0x249b75]
V  [jvm.dll+0x680b69]
V  [jvm.dll+0x67505a]
V  [jvm.dll+0x309acb]
V  [jvm.dll+0x310f86]
V  [jvm.dll+0x3608ee]
V  [jvm.dll+0x360b1f]
V  [jvm.dll+0x2dfbf8]
V  [jvm.dll+0x2e0b64]
V  [jvm.dll+0x814091]
V  [jvm.dll+0x36e6a1]
V  [jvm.dll+0x7f35cc]
V  [jvm.dll+0x3f0e8f]
V  [jvm.dll+0x3f29d1]
C  [jli.dll+0x526b]
C  [ucrtbase.dll+0x29363]
C  [KERNEL32.DLL+0x126ad]
C  [ntdll.dll+0x5aa68]


---------------  P R O C E S S  ---------------

Threads class SMR info:
_java_thread_list=0x00007ff8faedc058, length=0, elements={
}

Java Threads: ( => current thread )

Other Threads:
  0x0000024ac97534f0 GCTaskThread "GC Thread#0" [stack: 0x000000a2a9800000,0x000000a2a9900000] [id=16372]
  0x0000024ac9764390 ConcurrentGCThread "G1 Main Marker" [stack: 0x000000a2a9900000,0x000000a2a9a00000] [id=24496]
  0x0000024ac9765540 ConcurrentGCThread "G1 Conc#0" [stack: 0x000000a2a9a00000,0x000000a2a9b00000] [id=18948]

[error occurred during error reporting (printing all threads), id 0xc0000005, EXCEPTION_ACCESS_VIOLATION (0xc0000005) at pc=0x00007ff8fa690797]

VM state: not at safepoint (not fully initialized)

VM Mutex/Monitor currently owned by a thread:  ([mutex/lock_event])
[0x0000024ac96e4fc0] Heap_lock - owner thread: 0x0000024ac96e7b80

Heap address: 0x0000000702000000, size: 4064 MB, Compressed Oops mode: Zero based, Oop shift amount: 3

CDS archive(s) mapped at: [0x0000000000000000-0x0000000000000000-0x0000000000000000), size 0, SharedBaseAddress: 0x0000000800000000, ArchiveRelocationMode: 0.
Narrow klass base: 0x0000000000000000, Narrow klass shift: 0, Narrow klass range: 0x0

GC Precious Log:
<Empty>

Heap:
 garbage-first heap   total 0K, used 0K [0x0000000702000000, 0x0000000800000000)
  region size 2048K, 0 young (0K), 0 survivors (0K)

[error occurred during error reporting (printing heap information), id 0xc0000005, EXCEPTION_ACCESS_VIOLATION (0xc0000005) at pc=0x00007ff8faa7da89]

GC Heap History (0 events):
No events

Dll operation events (1 events):
Event: 0.006 Loaded shared library D:\Software\Android\AndroidStudio\jbr\bin\java.dll

Deoptimization events (0 events):
No events

Classes unloaded (0 events):
No events

Classes redefined (0 events):
No events

Internal exceptions (0 events):
No events

VM Operations (0 events):
No events

Events (0 events):
No events


Dynamic libraries:
0x00007ff6ff5d0000 - 0x00007ff6ff5da000 	D:\Software\Android\AndroidStudio\jbr\bin\java.exe
0x00007ff975290000 - 0x00007ff9754a4000 	C:\WINDOWS\SYSTEM32\ntdll.dll
0x00007ff974f20000 - 0x00007ff974fe4000 	C:\WINDOWS\System32\KERNEL32.DLL
0x00007ff972ac0000 - 0x00007ff972e64000 	C:\WINDOWS\System32\KERNELBASE.dll
0x00007ff9729a0000 - 0x00007ff972ab1000 	C:\WINDOWS\System32\ucrtbase.dll
0x00007ff95a170000 - 0x00007ff95a187000 	D:\Software\Android\AndroidStudio\jbr\bin\jli.dll
0x00007ff96cd10000 - 0x00007ff96cd2b000 	D:\Software\Android\AndroidStudio\jbr\bin\VCRUNTIME140.dll
0x00007ff974ff0000 - 0x00007ff97519a000 	C:\WINDOWS\System32\USER32.dll
0x00007ff972880000 - 0x00007ff9728a6000 	C:\WINDOWS\System32\win32u.dll
0x00007ff966ca0000 - 0x00007ff966f2f000 	C:\WINDOWS\WinSxS\amd64_microsoft.windows.common-controls_6595b64144ccf1df_6.0.22621.2070_none_2713e6537381f706\COMCTL32.dll
0x00007ff974400000 - 0x00007ff974429000 	C:\WINDOWS\System32\GDI32.dll
0x00007ff972e70000 - 0x00007ff972f89000 	C:\WINDOWS\System32\gdi32full.dll
0x00007ff9738f0000 - 0x00007ff973997000 	C:\WINDOWS\System32\msvcrt.dll
0x00007ff972670000 - 0x00007ff97270a000 	C:\WINDOWS\System32\msvcp_win.dll
0x00007ff974110000 - 0x00007ff974141000 	C:\WINDOWS\System32\IMM32.DLL
0x00007ff96cd00000 - 0x00007ff96cd0c000 	D:\Software\Android\AndroidStudio\jbr\bin\vcruntime140_1.dll
0x00007ff959eb0000 - 0x00007ff959f3d000 	D:\Software\Android\AndroidStudio\jbr\bin\msvcp140.dll
0x00007ff8fa3a0000 - 0x00007ff8fb00e000 	D:\Software\Android\AndroidStudio\jbr\bin\server\jvm.dll
0x00007ff974e00000 - 0x00007ff974eb0000 	C:\WINDOWS\System32\ADVAPI32.dll
0x00007ff973a90000 - 0x00007ff973b36000 	C:\WINDOWS\System32\sechost.dll
0x00007ff973df0000 - 0x00007ff973f07000 	C:\WINDOWS\System32\RPCRT4.dll
0x00007ff95f220000 - 0x00007ff95f254000 	C:\WINDOWS\SYSTEM32\WINMM.dll
0x00007ff96dbd0000 - 0x00007ff96dbda000 	C:\WINDOWS\SYSTEM32\VERSION.dll
0x00007ff96cd70000 - 0x00007ff96cd79000 	C:\WINDOWS\SYSTEM32\WSOCK32.dll
0x00007ff9741c0000 - 0x00007ff974231000 	C:\WINDOWS\System32\WS2_32.dll
0x00007ff971620000 - 0x00007ff971638000 	C:\WINDOWS\SYSTEM32\kernel.appcore.dll
0x00007ff96b400000 - 0x00007ff96b40a000 	D:\Software\Android\AndroidStudio\jbr\bin\jimage.dll
0x00007ff96bf90000 - 0x00007ff96c1be000 	C:\WINDOWS\SYSTEM32\DBGHELP.DLL
0x00007ff974a70000 - 0x00007ff974dfa000 	C:\WINDOWS\System32\combase.dll
0x00007ff973d00000 - 0x00007ff973dd7000 	C:\WINDOWS\System32\OLEAUT32.dll
0x00007ff96bc70000 - 0x00007ff96bca2000 	C:\WINDOWS\SYSTEM32\dbgcore.DLL
0x00007ff9728b0000 - 0x00007ff97292a000 	C:\WINDOWS\System32\bcryptPrimitives.dll
0x00007ff9687e0000 - 0x00007ff968805000 	D:\Software\Android\AndroidStudio\jbr\bin\java.dll

dbghelp: loaded successfully - version: 4.0.5 - missing functions: none
symbol engine: initialized successfully - sym options: 0x614 - pdb path: .;D:\Software\Android\AndroidStudio\jbr\bin;C:\WINDOWS\SYSTEM32;C:\WINDOWS\WinSxS\amd64_microsoft.windows.common-controls_6595b64144ccf1df_6.0.22621.2070_none_2713e6537381f706;D:\Software\Android\AndroidStudio\jbr\bin\server

VM Arguments:
java_command: org.jetbrains.kotlin.cli.jvm.K2JVMCompiler @D:\demo\MathABC\app\build\20230807_1908964317754003630.compiler.options
java_class_path (initial): C:\Users\linzhisheng\.gradle\caches\modules-2\files-2.1\org.jetbrains.kotlin\kotlin-compiler-embeddable\1.8.10\b0757fd774344d54ce93f5ad6c30ba1c1731c8ff\kotlin-compiler-embeddable-1.8.10.jar;C:\Users\linzhisheng\.gradle\caches\modules-2\files-2.1\org.jetbrains.kotlin\kotlin-stdlib\1.8.10\6d5560a229477df9406943d5feda5618e98eb64c\kotlin-stdlib-1.8.10.jar;C:\Users\linzhisheng\.gradle\caches\modules-2\files-2.1\org.jetbrains.kotlin\kotlin-script-runtime\1.8.10\b13ea9c7e46d589139e56086a878763290e20bd5\kotlin-script-runtime-1.8.10.jar;C:\Users\linzhisheng\.gradle\caches\modules-2\files-2.1\org.jetbrains.kotlin\kotlin-reflect\1.6.10\1cbe9c92c12a94eea200d23c2bbaedaf3daf5132\kotlin-reflect-1.6.10.jar;C:\Users\linzhisheng\.gradle\caches\modules-2\files-2.1\org.jetbrains.kotlin\kotlin-daemon-embeddable\1.8.10\ad8541d9bc1cf9e52c3204161247910c2cf601d4\kotlin-daemon-embeddable-1.8.10.jar;C:\Users\linzhisheng\.gradle\caches\modules-2\files-2.1\org.jetbrains.intellij.deps\trove4j\1.0.20200330\3afb14d5f9ceb459d724e907a21145e8ff394f02\trove4j-1.0.20200330.jar;C:\Users\linzhisheng\.gradle\caches\modules-2\files-2.1\net.java.dev.jna\jna\5.6.0\330f2244e9030119ab3030fc3fededc86713d9cc\jna-5.6.0.jar;C:\Users\linzhisheng\.gradle\caches\modules-2\files-2.1\org.jetbrains.kotlin\kotlin-stdlib-common\1.8.10\a61b182458550492c12aee66157d7b524a63a5ec\kotlin-stdlib-common-1.8.10.jar;C:\Users\linzhisheng\.gradle\caches\modules-2\files-2.1\org.jetbrains\annotations\13.0\919f0dfe192fb4e063e7dacadee7f8bb9a2672a9\annotations-13.0.jar
Launcher Type: SUN_STANDARD

[Global flags]
     intx CICompilerCount                          = 3                                         {product} {ergonomic}
     uint ConcGCThreads                            = 2                                         {product} {ergonomic}
     uint G1ConcRefinementThreads                  = 6                                         {product} {ergonomic}
   size_t G1HeapRegionSize                         = 2097152                                   {product} {ergonomic}
    uintx GCDrainStackTargetSize                   = 64                                        {product} {ergonomic}
   size_t InitialHeapSize                          = 266338304                                 {product} {ergonomic}
   size_t MarkStackSize                            = 4194304                                   {product} {ergonomic}
   size_t MaxHeapSize                              = 4261412864                                {product} {ergonomic}
   size_t MinHeapDeltaBytes                        = 2097152                                   {product} {ergonomic}
   size_t MinHeapSize                              = 8388608                                   {product} {ergonomic}
    uintx NonNMethodCodeHeapSize                   = 5832780                                {pd product} {ergonomic}
    uintx NonProfiledCodeHeapSize                  = 122912730                              {pd product} {ergonomic}
    uintx ProfiledCodeHeapSize                     = 122912730                              {pd product} {ergonomic}
    uintx ReservedCodeCacheSize                    = 251658240                              {pd product} {ergonomic}
     bool SegmentedCodeCache                       = true                                      {product} {ergonomic}
   size_t SoftMaxHeapSize                          = 4261412864                             {manageable} {ergonomic}
     bool UseCompressedClassPointers               = true                           {product lp64_product} {ergonomic}
     bool UseCompressedOops                        = true                           {product lp64_product} {ergonomic}
     bool UseG1GC                                  = true                                      {product} {ergonomic}
     bool UseLargePagesIndividualAllocation        = false                                  {pd product} {ergonomic}

Logging:
Log output configuration:
 #0: stdout all=warning uptime,level,tags
 #1: stderr all=off uptime,level,tags

Environment Variables:
JAVA_HOME=C:\Program Files\Java\jdk-11.0.12
CLASSPATH=.;C:\Program Files\Java\jdk-11.0.12\lib\dt.jar;C:\Program Files\Java\jdk-11.0.12\lib\tools.jar;
PATH=C:\Program Files (x86)\Common Files\Oracle\Java\javapath;C:\WINDOWS\system32;C:\WINDOWS;C:\WINDOWS\System32\Wbem;C:\WINDOWS\System32\WindowsPowerShell\v1.0\;C:\WINDOWS\System32\OpenSSH\;C:\Program Files\Git\cmd;"%Java_Home%\bin;%Java_Home%\jre\bin";D:\SDK\platform-tools;D:\SDK\platform-tools;D:\SDK\tools;C:\Program Files\dotnet\;D:\flutter\bin;D:\Python39;C:\Program Files\Cloudflare\Cloudflare WARP\;C:\Users\linzhisheng\AppData\Local\Programs\Python\Python36\Scripts\;C:\Users\linzhisheng\AppData\Local\Programs\Python\Python36\;D:\Programs\Python\Python36\Scripts\;D:\Programs\Python\Python36\;C:\Users\linzhisheng\AppData\Local\Microsoft\WindowsApps;C:\Users\linzhisheng\AppData\Local\Programs\Fiddler;C:\Users\linzhisheng\AppData\Local\Android\Sdk\platform-tools;C:\Users\linzhisheng\AppData\Local\Microsoft\WindowsApps;C:\Program Files\Java\jdk-11.0.12\bin;C:\Program Files\Java\jdk-11.0.12\jre\bin;D:\flutter\bin;D:\Python39;
USERNAME=linqingshan
OS=Windows_NT
PROCESSOR_IDENTIFIER=Intel64 Family 6 Model 158 Stepping 10, GenuineIntel
TMP=C:\Users\LINZHI~1\AppData\Local\Temp
TEMP=C:\Users\LINZHI~1\AppData\Local\Temp


JNI global refs:

[error occurred during error reporting (JNI global references), id 0xc0000005, EXCEPTION_ACCESS_VIOLATION (0xc0000005) at pc=0x00007ff8fa457a10]


---------------  S Y S T E M  ---------------

OS:
 Windows 11 , 64 bit Build 22621 (10.0.22621.2070)
OS uptime: 11 days 4:28 hours
Hyper-V role detected

CPU: total 6 (initial active 6) (6 cores per cpu, 1 threads per core) family 6 model 158 stepping 10 microcode 0xde, cx8, cmov, fxsr, mmx, 3dnowpref, sse, sse2, sse3, ssse3, sse4.1, sse4.2, popcnt, lzcnt, tsc, tscinvbit, avx, avx2, aes, erms, clmul, bmi1, bmi2, rtm, adx, fma, vzeroupper, clflush, clflushopt, hv

Memory: 4k page, system-wide physical 16250M (975M free)
TotalPageFile size 33795M (AvailPageFile size 46M)
current process WorkingSet (physical memory assigned to process): 11M, peak: 11M
current process commit charge ("private bytes"): 56M, peak: 310M

vm_info: OpenJDK 64-Bit Server VM (17.0.6+0-b2043.56-10027231) for windows-amd64 JRE (17.0.6+0-b2043.56-10027231), built on Apr 28 2023 00:43:19 by "androidbuild" with MS VC++ 16.10 / 16.11 (VS2019)

END.
